2023-03-18 16:09:09,259 INFO notifyConnectTimeout:100

2023-03-18 16:09:09,265 INFO notifySocketTimeout:200

2023-03-18 16:09:09,267 INFO isHealthCheck:true

2023-03-18 16:09:09,270 INFO maxHealthCheckFailCount:12

2023-03-18 16:09:09,272 INFO maxContent:10485760

2023-03-18 16:21:46,430 INFO notifyConnectTimeout:100

2023-03-18 16:21:46,436 INFO notifySocketTimeout:200

2023-03-18 16:21:46,438 INFO isHealthCheck:true

2023-03-18 16:21:46,439 INFO maxHealthCheckFailCount:12

2023-03-18 16:21:46,441 INFO maxContent:10485760

2023-03-18 16:22:26,938 INFO notifyConnectTimeout:100

2023-03-18 16:22:26,944 INFO notifySocketTimeout:200

2023-03-18 16:22:26,946 INFO isHealthCheck:true

2023-03-18 16:22:26,947 INFO maxHealthCheckFailCount:12

2023-03-18 16:22:26,948 INFO maxContent:10485760

2023-03-18 16:25:55,176 INFO notifyConnectTimeout:100

2023-03-18 16:25:55,181 INFO notifySocketTimeout:200

2023-03-18 16:25:55,182 INFO isHealthCheck:true

2023-03-18 16:25:55,183 INFO maxHealthCheckFailCount:12

2023-03-18 16:25:55,184 INFO maxContent:10485760

2023-03-18 20:43:04,195 INFO notifyConnectTimeout:100

2023-03-18 20:43:04,199 INFO notifySocketTimeout:200

2023-03-18 20:43:04,201 INFO isHealthCheck:true

2023-03-18 20:43:04,202 INFO maxHealthCheckFailCount:12

2023-03-18 20:43:04,203 INFO maxContent:10485760

2023-03-18 20:45:49,045 INFO notifyConnectTimeout:100

2023-03-18 20:45:49,050 INFO notifySocketTimeout:200

2023-03-18 20:45:49,051 INFO isHealthCheck:true

2023-03-18 20:45:49,052 INFO maxHealthCheckFailCount:12

2023-03-18 20:45:49,053 INFO maxContent:10485760

2023-03-18 20:47:38,278 INFO notifyConnectTimeout:100

2023-03-18 20:47:38,284 INFO notifySocketTimeout:200

2023-03-18 20:47:38,285 INFO isHealthCheck:true

2023-03-18 20:47:38,285 INFO maxHealthCheckFailCount:12

2023-03-18 20:47:38,286 INFO maxContent:10485760

2023-03-18 20:54:54,286 INFO notifyConnectTimeout:100

2023-03-18 20:54:54,290 INFO notifySocketTimeout:200

2023-03-18 20:54:54,291 INFO isHealthCheck:true

2023-03-18 20:54:54,292 INFO maxHealthCheckFailCount:12

2023-03-18 20:54:54,292 INFO maxContent:10485760

2023-03-18 20:55:08,837 WARN DumpService start

2023-03-18 20:55:08,840 INFO start clear all config-info.

2023-03-18 20:55:08,841 WARN clear all config-info failed.

2023-03-18 20:55:08,841 WARN clear all config-info-tenant failed.

2023-03-18 20:57:12,841 INFO notifyConnectTimeout:100

2023-03-18 20:57:12,846 INFO notifySocketTimeout:200

2023-03-18 20:57:12,847 INFO isHealthCheck:true

2023-03-18 20:57:12,849 INFO maxHealthCheckFailCount:12

2023-03-18 20:57:12,850 INFO maxContent:10485760

2023-03-18 20:57:27,326 WARN DumpService start

2023-03-18 20:57:27,329 INFO start clear all config-info.

2023-03-18 20:57:27,330 WARN clear all config-info failed.

2023-03-18 20:57:27,331 WARN clear all config-info-tenant failed.

2023-03-18 20:58:34,442 INFO notifyConnectTimeout:100

2023-03-18 20:58:34,448 INFO notifySocketTimeout:200

2023-03-18 20:58:34,450 INFO isHealthCheck:true

2023-03-18 20:58:34,451 INFO maxHealthCheckFailCount:12

2023-03-18 20:58:34,451 INFO maxContent:10485760

2023-03-18 20:58:49,094 WARN DumpService start

2023-03-18 20:58:49,097 INFO start clear all config-info.

2023-03-18 20:58:49,098 WARN clear all config-info failed.

2023-03-18 20:58:49,099 WARN clear all config-info-tenant failed.

2023-03-18 20:59:11,169 INFO notifyConnectTimeout:100

2023-03-18 20:59:11,174 INFO notifySocketTimeout:200

2023-03-18 20:59:11,175 INFO isHealthCheck:true

2023-03-18 20:59:11,177 INFO maxHealthCheckFailCount:12

2023-03-18 20:59:11,178 INFO maxContent:10485760

2023-03-18 20:59:26,103 WARN DumpService start

2023-03-18 20:59:26,106 INFO start clear all config-info.

2023-03-18 20:59:26,108 WARN clear all config-info failed.

2023-03-18 20:59:26,109 WARN clear all config-info-tenant failed.

2023-03-18 21:00:39,437 INFO notifyConnectTimeout:100

2023-03-18 21:00:39,442 INFO notifySocketTimeout:200

2023-03-18 21:00:39,442 INFO isHealthCheck:true

2023-03-18 21:00:39,443 INFO maxHealthCheckFailCount:12

2023-03-18 21:00:39,445 INFO maxContent:10485760

2023-03-18 21:00:45,035 WARN DumpService start

2023-03-18 21:00:45,037 INFO start clear all config-info.

2023-03-18 21:00:45,038 WARN clear all config-info failed.

2023-03-18 21:00:45,039 WARN clear all config-info-tenant failed.

2023-03-18 21:00:45,045 INFO start clear all config-info-beta.

2023-03-18 21:00:45,046 WARN clear all config-info-beta failed.

2023-03-18 21:00:45,047 WARN clear all config-info-beta-tenant failed.

2023-03-18 21:00:45,049 INFO start clear all config-info-tag.

2023-03-18 21:00:45,050 WARN clear all config-info-tag failed.

2023-03-18 21:00:45,051 WARN clear all config-info-tag-tenant failed.

