2023-03-14 22:32:51,298 INFO Initializes the Raft protocol, raft-config info : {}

2023-03-14 22:32:51,487 INFO ========= The raft protocol is starting... =========

2023-03-14 22:32:51,507 INFO ========= The raft protocol start finished... =========

2023-03-14 22:32:51,523 INFO create raft group : naming_persistent_service_v2

2023-03-14 22:32:51,746 INFO create raft group : naming_instance_metadata

2023-03-14 22:32:51,749 INFO This Raft event changes : RaftEvent{groupId='naming_persistent_service_v2', leader='192.168.31.123:7848', term=1, raftClusterInfo=[192.168.31.123:7848]}

2023-03-14 22:32:51,792 INFO This Raft event changes : RaftEvent{groupId='naming_instance_metadata', leader='192.168.31.123:7848', term=1, raftClusterInfo=[192.168.31.123:7848]}

2023-03-14 22:32:51,796 INFO create raft group : naming_service_metadata

2023-03-14 22:32:51,823 INFO This Raft event changes : RaftEvent{groupId='naming_service_metadata', leader='192.168.31.123:7848', term=1, raftClusterInfo=[192.168.31.123:7848]}

2023-03-14 22:32:51,959 INFO shutdown jraft server

2023-03-14 22:32:51,959 INFO ========= The raft protocol is starting to close =========

2023-03-14 22:32:52,132 INFO ========= The raft protocol has been closed =========

2023-03-14 22:32:52,135 ERROR Failed to join the cluster, retry...

java.lang.IllegalStateException: Fail to get leader of group naming_instance_metadata, io.grpc.StatusRuntimeException: UNAVAILABLE: Channel shutdown invoked
	at com.alipay.sofa.jraft.core.CliServiceImpl.getPeers(CliServiceImpl.java:631)
	at com.alipay.sofa.jraft.core.CliServiceImpl.getPeers(CliServiceImpl.java:524)
	at com.alibaba.nacos.core.distributed.raft.JRaftServer.registerSelfToCluster(JRaftServer.java:353)
	at com.alibaba.nacos.core.distributed.raft.JRaftServer.lambda$createMultiRaftGroup$0(JRaftServer.java:264)
	at java.base/java.util.concurrent.Executors$RunnableAdapter.call(Executors.java:515)
	at java.base/java.util.concurrent.FutureTask.run(FutureTask.java:264)
	at java.base/java.util.concurrent.ScheduledThreadPoolExecutor$ScheduledFutureTask.run(ScheduledThreadPoolExecutor.java:304)
	at java.base/java.util.concurrent.ThreadPoolExecutor.runWorker(ThreadPoolExecutor.java:1128)
	at java.base/java.util.concurrent.ThreadPoolExecutor$Worker.run(ThreadPoolExecutor.java:628)
	at java.base/java.lang.Thread.run(Thread.java:829)
2023-03-14 22:32:52,135 ERROR Failed to join the cluster, retry...

java.lang.IllegalStateException: Fail to get leader of group naming_service_metadata, io.grpc.StatusRuntimeException: UNAVAILABLE: Channel shutdown invoked
	at com.alipay.sofa.jraft.core.CliServiceImpl.getPeers(CliServiceImpl.java:631)
	at com.alipay.sofa.jraft.core.CliServiceImpl.getPeers(CliServiceImpl.java:524)
	at com.alibaba.nacos.core.distributed.raft.JRaftServer.registerSelfToCluster(JRaftServer.java:353)
	at com.alibaba.nacos.core.distributed.raft.JRaftServer.lambda$createMultiRaftGroup$0(JRaftServer.java:264)
	at java.base/java.util.concurrent.Executors$RunnableAdapter.call(Executors.java:515)
	at java.base/java.util.concurrent.FutureTask.run(FutureTask.java:264)
	at java.base/java.util.concurrent.ScheduledThreadPoolExecutor$ScheduledFutureTask.run(ScheduledThreadPoolExecutor.java:304)
	at java.base/java.util.concurrent.ThreadPoolExecutor.runWorker(ThreadPoolExecutor.java:1128)
	at java.base/java.util.concurrent.ThreadPoolExecutor$Worker.run(ThreadPoolExecutor.java:628)
	at java.base/java.lang.Thread.run(Thread.java:829)
2023-03-14 22:32:52,135 ERROR Failed to join the cluster, retry...

java.lang.IllegalStateException: Fail to get leader of group naming_persistent_service_v2, io.grpc.StatusRuntimeException: UNAVAILABLE: Channel shutdown invoked
	at com.alipay.sofa.jraft.core.CliServiceImpl.getPeers(CliServiceImpl.java:631)
	at com.alipay.sofa.jraft.core.CliServiceImpl.getPeers(CliServiceImpl.java:524)
	at com.alibaba.nacos.core.distributed.raft.JRaftServer.registerSelfToCluster(JRaftServer.java:353)
	at com.alibaba.nacos.core.distributed.raft.JRaftServer.lambda$createMultiRaftGroup$0(JRaftServer.java:264)
	at java.base/java.util.concurrent.Executors$RunnableAdapter.call(Executors.java:515)
	at java.base/java.util.concurrent.FutureTask.run(FutureTask.java:264)
	at java.base/java.util.concurrent.ScheduledThreadPoolExecutor$ScheduledFutureTask.run(ScheduledThreadPoolExecutor.java:304)
	at java.base/java.util.concurrent.ThreadPoolExecutor.runWorker(ThreadPoolExecutor.java:1128)
	at java.base/java.util.concurrent.ThreadPoolExecutor$Worker.run(ThreadPoolExecutor.java:628)
	at java.base/java.lang.Thread.run(Thread.java:829)
