2023-03-18 16:09:14,232 INFO [ClientConnectionEventListenerRegistry] registry listener - ConnectionBasedClientManager

2023-03-18 16:21:50,407 INFO [ClientConnectionEventListenerRegistry] registry listener - ConnectionBasedClientManager

2023-03-18 16:22:31,048 INFO [ClientConnectionEventListenerRegistry] registry listener - ConnectionBasedClientManager

2023-03-18 16:25:59,383 INFO [ClientConnectionEventListenerRegistry] registry listener - ConnectionBasedClientManager

2023-03-18 20:43:07,964 INFO [ClientConnectionEventListenerRegistry] registry listener - ConnectionBasedClientManager

2023-03-18 20:45:52,687 INFO [ClientConnectionEventListenerRegistry] registry listener - ConnectionBasedClientManager

2023-03-18 20:47:42,396 INFO [ClientConnectionEventListenerRegistry] registry listener - ConnectionBasedClientManager

2023-03-18 20:54:57,873 INFO [ClientConnectionEventListenerRegistry] registry listener - ConnectionBasedClientManager

2023-03-18 20:57:16,513 INFO [ClientConnectionEventListenerRegistry] registry listener - ConnectionBasedClientManager

2023-03-18 20:58:38,226 INFO [ClientConnectionEventListenerRegistry] registry listener - ConnectionBasedClientManager

2023-03-18 20:59:14,999 INFO [ClientConnectionEventListenerRegistry] registry listener - ConnectionBasedClientManager

2023-03-18 21:00:43,669 INFO [ClientConnectionEventListenerRegistry] registry listener - ConnectionBasedClientManager

2023-03-18 21:00:45,362 INFO [ClientConnectionEventListenerRegistry] registry listener - ConfigConnectionEventListener

2023-03-18 21:00:45,446 INFO [ClientConnectionEventListenerRegistry] registry listener - RpcAckCallbackInitorOrCleaner

2023-03-18 21:00:45,566 INFO Nacos GrpcSdkServer Rpc server starting at port 9848 and tls config:{"sslProvider":"OPENSSL","enableTls":false,"mutualAuthEnable":false,"trustAll":false,"compatibility":true}

2023-03-18 21:00:45,917 WARN Recommended use 'nacos.remote.server.grpc.sdk.max-inbound-message-size' property instead 'nacos.remote.server.grpc.maxinbound.message.size', now property value is 10485760

2023-03-18 21:00:46,108 INFO Nacos GrpcSdkServer Rpc server started at port 9848 and tls config:{"sslProvider":"OPENSSL","enableTls":false,"mutualAuthEnable":false,"trustAll":false,"compatibility":true}

2023-03-18 21:00:46,111 INFO Nacos GrpcClusterServer Rpc server starting at port 9849 and tls config:{"sslProvider":"OPENSSL","enableTls":false,"mutualAuthEnable":false,"trustAll":false,"compatibility":true}

2023-03-18 21:00:46,112 WARN Recommended use 'nacos.remote.server.grpc.cluster.max-inbound-message-size' property instead 'nacos.remote.server.grpc.maxinbound.message.size', now property value is 10485760

2023-03-18 21:00:46,116 INFO Nacos GrpcClusterServer Rpc server started at port 9849 and tls config:{"sslProvider":"OPENSSL","enableTls":false,"mutualAuthEnable":false,"trustAll":false,"compatibility":true}

